<?xml version="1.0" encoding="UTF-8"?>
<!-- Generated by org.testng.reporters.JUnitReportReporter -->
<testsuite skipped="0" hostname="idea-PC" name="sri.test.smoke.LoginPageCredentialsTest" tests="1" failures="0" timestamp="23 Nov 2018 08:19:48 GMT" time="26.893" errors="0">
  <testcase name="testLoginPageCredentials" time="26.893" classname="sri.test.smoke.LoginPageCredentialsTest"/>
</testsuite> <!-- sri.test.smoke.LoginPageCredentialsTest -->
