<?xml version="1.0" encoding="UTF-8"?>
<!-- Generated by org.testng.reporters.JUnitReportReporter -->
<testsuite skipped="0" hostname="idea-PC" name="sri.test.smoke.LoginPageSmokeTest" tests="1" failures="0" timestamp="23 Nov 2018 08:01:53 GMT" time="22.790" errors="0">
  <testcase name="testLoginPage" time="22.790" classname="sri.test.smoke.LoginPageSmokeTest"/>
</testsuite> <!-- sri.test.smoke.LoginPageSmokeTest -->
